  stdafx.cpp
C:\Users\qwert\Downloads\GudgudakCheats\GudgudakV2\Source\types.h(92,3): warning C4091: 'typedef ': ignored on left of 'Mod_Hub_Base::VECTOR2' when no variable is declared
C:\Users\qwert\Downloads\GudgudakCheats\GudgudakV2\Source\types.h(99,3): warning C4091: 'typedef ': ignored on left of 'Mod_Hub_Base::VECTOR2_2' when no variable is declared
C:\Users\qwert\Downloads\GudgudakCheats\GudgudakV2\Source\types.h(106,3): warning C4091: 'typedef ': ignored on left of 'Mod_Hub_Base::RGBAF' when no variable is declared
C:\Users\qwert\Downloads\GudgudakCheats\GudgudakV2\Source\types.h(113,3): warning C4091: 'typedef ': ignored on left of 'Mod_Hub_Base::RGBA' when no variable is declared
C:\Users\qwert\Downloads\GudgudakCheats\GudgudakV2\Source\types.h(120,3): warning C4091: 'typedef ': ignored on left of 'Mod_Hub_Base::RGB' when no variable is declared
C:\Users\qwert\Downloads\GudgudakCheats\GudgudakV2\Source\enums.h(1942,31): warning C4309: 'initializing': truncation of constant value
  CrossMapping.cpp
  Functions.cpp
C:\Users\qwert\Downloads\GudgudakCheats\GudgudakV2\Source\Functions.cpp(153,19): warning C4244: 'initializing': conversion from 'double' to 'float', possible loss of data
C:\Users\qwert\Downloads\GudgudakCheats\GudgudakV2\Source\Functions.cpp(160,21): warning C4244: '=': conversion from 'double' to 'float', possible loss of data
C:\Users\qwert\Downloads\GudgudakCheats\GudgudakV2\Source\Functions.cpp(167,21): warning C4244: '=': conversion from 'double' to 'float', possible loss of data
C:\Users\qwert\Downloads\GudgudakCheats\GudgudakV2\Source\Functions.cpp(180,74): warning C4305: 'argument': truncation from 'double' to 'float'
C:\Users\qwert\Downloads\GudgudakCheats\GudgudakV2\Source\Functions.cpp(241,17): warning C4305: '-=': truncation from 'double' to 'float'
C:\Users\qwert\Downloads\GudgudakCheats\GudgudakV2\Source\Functions.cpp(248,17): warning C4305: '+=': truncation from 'double' to 'float'
C:\Users\qwert\Downloads\GudgudakCheats\GudgudakV2\Source\Functions.cpp(306,90): warning C4551: function call missing argument list
C:\Users\qwert\Downloads\GudgudakCheats\GudgudakV2\Source\Functions.cpp(352,90): warning C4551: function call missing argument list
C:\Users\qwert\Downloads\GudgudakCheats\GudgudakV2\Source\Functions.cpp(453,90): warning C4551: function call missing argument list
C:\Users\qwert\Downloads\GudgudakCheats\GudgudakV2\Source\Functions.cpp(473,90): warning C4551: function call missing argument list
C:\Users\qwert\Downloads\GudgudakCheats\GudgudakV2\Source\Functions.cpp(988,85): warning C4101: 'kek12': unreferenced local variable
C:\Users\qwert\Downloads\GudgudakCheats\GudgudakV2\Source\Functions.cpp(989,76): warning C4101: 'kek13': unreferenced local variable
C:\Users\qwert\Downloads\GudgudakCheats\GudgudakV2\Source\Functions.cpp(1066,90): warning C4551: function call missing argument list
C:\Users\qwert\Downloads\GudgudakCheats\GudgudakV2\Source\Functions.cpp(1084,90): warning C4551: function call missing argument list
C:\Users\qwert\Downloads\GudgudakCheats\GudgudakV2\Source\Functions.cpp(1520,18): warning C4244: '=': conversion from 'double' to 'float', possible loss of data
C:\Users\qwert\Downloads\GudgudakCheats\GudgudakV2\Source\Functions.cpp(1546,59): warning C4244: 'argument': conversion from 'int' to 'float', possible loss of data
C:\Users\qwert\Downloads\GudgudakCheats\GudgudakV2\Source\Functions.cpp(1558,15): warning C4244: 'initializing': conversion from 'float' to 'int', possible loss of data
C:\Users\qwert\Downloads\GudgudakCheats\GudgudakV2\Source\Functions.cpp(1576,15): warning C4244: 'initializing': conversion from 'float' to 'int', possible loss of data
C:\Users\qwert\Downloads\GudgudakCheats\GudgudakV2\Source\Functions.cpp(1594,15): warning C4244: 'initializing': conversion from 'float' to 'int', possible loss of data
  Hooking.cpp
C:\Users\qwert\Downloads\GudgudakCheats\GudgudakV2\Source\Hooking.cpp(173,87): warning C4244: 'argument': conversion from 'int64_t' to 'Mod_Hub_Base::Player', possible loss of data
C:\Users\qwert\Downloads\GudgudakCheats\GudgudakV2\Source\Hooking.cpp(182,28): warning C4838: conversion from 'Mod_Hub_Base::RemoteEvents' to 'DWORD64' requires a narrowing conversion
C:\Users\qwert\Downloads\GudgudakCheats\GudgudakV2\Source\Hooking.cpp(182,58): warning C4838: conversion from 'int64_t' to 'DWORD64' requires a narrowing conversion
C:\Users\qwert\Downloads\GudgudakCheats\GudgudakV2\Source\Hooking.cpp(192,87): warning C4244: 'argument': conversion from 'int64_t' to 'Mod_Hub_Base::Player', possible loss of data
C:\Users\qwert\Downloads\GudgudakCheats\GudgudakV2\Source\Hooking.cpp(201,28): warning C4838: conversion from 'Mod_Hub_Base::RemoteEvents' to 'DWORD64' requires a narrowing conversion
C:\Users\qwert\Downloads\GudgudakCheats\GudgudakV2\Source\Hooking.cpp(201,57): warning C4838: conversion from 'int64_t' to 'DWORD64' requires a narrowing conversion
  InputHook.cpp
  keyboard.cpp
  Log.cpp
C:\Users\qwert\Downloads\GudgudakCheats\GudgudakV2\Source\Log.cpp(65,24): error C2065: 'g_debugLogFile': undeclared identifier
  Memory.cpp
  UI.cpp
C:\Users\qwert\Downloads\GudgudakCheats\GudgudakV2\Source\UI.cpp(43,65): warning C4244: '=': conversion from 'double' to 'int', possible loss of data
C:\Users\qwert\Downloads\GudgudakCheats\GudgudakV2\Source\UI.cpp(51,62): warning C4244: '=': conversion from 'double' to 'float', possible loss of data
C:\Users\qwert\Downloads\GudgudakCheats\GudgudakV2\Source\UI.cpp(65,61): warning C4244: '=': conversion from 'double' to 'int', possible loss of data
C:\Users\qwert\Downloads\GudgudakCheats\GudgudakV2\Source\UI.cpp(139,41): warning C4305: 'argument': truncation from 'double' to 'float'
C:\Users\qwert\Downloads\GudgudakCheats\GudgudakV2\Source\UI.cpp(135,23): warning C4244: 'argument': conversion from 'double' to 'float', possible loss of data
C:\Users\qwert\Downloads\GudgudakCheats\GudgudakV2\Source\UI.cpp(141,28): warning C4267: '=': conversion from 'size_t' to 'int', possible loss of data
C:\Users\qwert\Downloads\GudgudakCheats\GudgudakV2\Source\UI.cpp(146,49): warning C4267: '=': conversion from 'size_t' to 'int', possible loss of data
C:\Users\qwert\Downloads\GudgudakCheats\GudgudakV2\Source\UI.cpp(508,22): warning C4244: '=': conversion from 'double' to 'float', possible loss of data
C:\Users\qwert\Downloads\GudgudakCheats\GudgudakV2\Source\UI.cpp(511,48): warning C4244: '=': conversion from 'double' to 'float', possible loss of data
C:\Users\qwert\Downloads\GudgudakCheats\GudgudakV2\Source\UI.cpp(529,5): warning C4244: 'argument': conversion from 'double' to 'float', possible loss of data
C:\Users\qwert\Downloads\GudgudakCheats\GudgudakV2\Source\UI.cpp(543,36): warning C4305: 'argument': truncation from 'double' to 'float'
C:\Users\qwert\Downloads\GudgudakCheats\GudgudakV2\Source\UI.cpp(539,20): warning C4244: 'argument': conversion from 'double' to 'float', possible loss of data
C:\Users\qwert\Downloads\GudgudakCheats\GudgudakV2\Source\UI.cpp(579,22): warning C4244: 'argument': conversion from 'double' to 'float', possible loss of data
C:\Users\qwert\Downloads\GudgudakCheats\GudgudakV2\Source\UI.cpp(578,126): warning C4244: 'argument': conversion from 'double' to 'float', possible loss of data
C:\Users\qwert\Downloads\GudgudakCheats\GudgudakV2\Source\UI.cpp(578,99): warning C4244: 'argument': conversion from 'double' to 'float', possible loss of data
C:\Users\qwert\Downloads\GudgudakCheats\GudgudakV2\Source\UI.cpp(577,85): warning C4244: 'argument': conversion from 'double' to 'float', possible loss of data
C:\Users\qwert\Downloads\GudgudakCheats\GudgudakV2\Source\UI.cpp(585,22): warning C4244: 'argument': conversion from 'double' to 'float', possible loss of data
C:\Users\qwert\Downloads\GudgudakCheats\GudgudakV2\Source\UI.cpp(584,126): warning C4244: 'argument': conversion from 'double' to 'float', possible loss of data
C:\Users\qwert\Downloads\GudgudakCheats\GudgudakV2\Source\UI.cpp(584,99): warning C4244: 'argument': conversion from 'double' to 'float', possible loss of data
C:\Users\qwert\Downloads\GudgudakCheats\GudgudakV2\Source\UI.cpp(583,84): warning C4244: 'argument': conversion from 'double' to 'float', possible loss of data
C:\Users\qwert\Downloads\GudgudakCheats\GudgudakV2\Source\UI.cpp(588,22): warning C4244: 'argument': conversion from 'double' to 'float', possible loss of data
C:\Users\qwert\Downloads\GudgudakCheats\GudgudakV2\Source\UI.cpp(587,126): warning C4244: 'argument': conversion from 'double' to 'float', possible loss of data
C:\Users\qwert\Downloads\GudgudakCheats\GudgudakV2\Source\UI.cpp(587,99): warning C4244: 'argument': conversion from 'double' to 'float', possible loss of data
C:\Users\qwert\Downloads\GudgudakCheats\GudgudakV2\Source\UI.cpp(586,85): warning C4244: 'argument': conversion from 'double' to 'float', possible loss of data
  NativeInvoker.cpp
  Main_Script.cpp
C:\Users\qwert\Downloads\GudgudakCheats\GudgudakV2\Source\Main_Script.cpp(292,43): warning C4244: 'argument': conversion from 'double' to 'float', possible loss of data
C:\Users\qwert\Downloads\GudgudakCheats\GudgudakV2\Source\Main_Script.cpp(412,26): warning C4838: conversion from 'unsigned int' to 'int' requires a narrowing conversion
C:\Users\qwert\Downloads\GudgudakCheats\GudgudakV2\Source\Main_Script.cpp(412,62): warning C4838: conversion from 'unsigned int' to 'int' requires a narrowing conversion
C:\Users\qwert\Downloads\GudgudakCheats\GudgudakV2\Source\Main_Script.cpp(412,86): warning C4838: conversion from 'unsigned int' to 'int' requires a narrowing conversion
C:\Users\qwert\Downloads\GudgudakCheats\GudgudakV2\Source\Main_Script.cpp(412,134): warning C4838: conversion from 'unsigned int' to 'int' requires a narrowing conversion
C:\Users\qwert\Downloads\GudgudakCheats\GudgudakV2\Source\Main_Script.cpp(412,170): warning C4838: conversion from 'unsigned int' to 'int' requires a narrowing conversion
C:\Users\qwert\Downloads\GudgudakCheats\GudgudakV2\Source\Main_Script.cpp(412,182): warning C4838: conversion from 'unsigned int' to 'int' requires a narrowing conversion
C:\Users\qwert\Downloads\GudgudakCheats\GudgudakV2\Source\Main_Script.cpp(412,194): warning C4838: conversion from 'unsigned int' to 'int' requires a narrowing conversion
C:\Users\qwert\Downloads\GudgudakCheats\GudgudakV2\Source\Main_Script.cpp(412,206): warning C4838: conversion from 'unsigned int' to 'int' requires a narrowing conversion
C:\Users\qwert\Downloads\GudgudakCheats\GudgudakV2\Source\Main_Script.cpp(412,218): warning C4838: conversion from 'unsigned int' to 'int' requires a narrowing conversion
C:\Users\qwert\Downloads\GudgudakCheats\GudgudakV2\Source\Main_Script.cpp(412,266): warning C4838: conversion from 'unsigned int' to 'int' requires a narrowing conversion
C:\Users\qwert\Downloads\GudgudakCheats\GudgudakV2\Source\Main_Script.cpp(412,278): warning C4838: conversion from 'unsigned int' to 'int' requires a narrowing conversion
C:\Users\qwert\Downloads\GudgudakCheats\GudgudakV2\Source\Main_Script.cpp(412,338): warning C4838: conversion from 'unsigned int' to 'int' requires a narrowing conversion
C:\Users\qwert\Downloads\GudgudakCheats\GudgudakV2\Source\Main_Script.cpp(412,362): warning C4838: conversion from 'unsigned int' to 'int' requires a narrowing conversion
C:\Users\qwert\Downloads\GudgudakCheats\GudgudakV2\Source\Main_Script.cpp(412,398): warning C4838: conversion from 'unsigned int' to 'int' requires a narrowing conversion
C:\Users\qwert\Downloads\GudgudakCheats\GudgudakV2\Source\Main_Script.cpp(412,422): warning C4838: conversion from 'unsigned int' to 'int' requires a narrowing conversion
C:\Users\qwert\Downloads\GudgudakCheats\GudgudakV2\Source\Main_Script.cpp(412,470): warning C4838: conversion from 'unsigned int' to 'int' requires a narrowing conversion
C:\Users\qwert\Downloads\GudgudakCheats\GudgudakV2\Source\Main_Script.cpp(412,506): warning C4838: conversion from 'unsigned int' to 'int' requires a narrowing conversion
C:\Users\qwert\Downloads\GudgudakCheats\GudgudakV2\Source\Main_Script.cpp(412,530): warning C4838: conversion from 'unsigned int' to 'int' requires a narrowing conversion
C:\Users\qwert\Downloads\GudgudakCheats\GudgudakV2\Source\Main_Script.cpp(412,542): warning C4838: conversion from 'unsigned int' to 'int' requires a narrowing conversion
C:\Users\qwert\Downloads\GudgudakCheats\GudgudakV2\Source\Main_Script.cpp(412,554): warning C4838: conversion from 'unsigned int' to 'int' requires a narrowing conversion
C:\Users\qwert\Downloads\GudgudakCheats\GudgudakV2\Source\Main_Script.cpp(412,578): warning C4838: conversion from 'unsigned int' to 'int' requires a narrowing conversion
C:\Users\qwert\Downloads\GudgudakCheats\GudgudakV2\Source\Main_Script.cpp(412,614): warning C4838: conversion from 'unsigned int' to 'int' requires a narrowing conversion
C:\Users\qwert\Downloads\GudgudakCheats\GudgudakV2\Source\Main_Script.cpp(412,638): warning C4838: conversion from 'unsigned int' to 'int' requires a narrowing conversion
C:\Users\qwert\Downloads\GudgudakCheats\GudgudakV2\Source\Main_Script.cpp(412,673): warning C4838: conversion from 'unsigned int' to 'int' requires a narrowing conversion
C:\Users\qwert\Downloads\GudgudakCheats\GudgudakV2\Source\Main_Script.cpp(413,10): warning C4838: conversion from 'unsigned int' to 'int' requires a narrowing conversion
C:\Users\qwert\Downloads\GudgudakCheats\GudgudakV2\Source\Main_Script.cpp(413,22): warning C4838: conversion from 'unsigned int' to 'int' requires a narrowing conversion
C:\Users\qwert\Downloads\GudgudakCheats\GudgudakV2\Source\Main_Script.cpp(413,34): warning C4838: conversion from 'unsigned int' to 'int' requires a narrowing conversion
C:\Users\qwert\Downloads\GudgudakCheats\GudgudakV2\Source\Main_Script.cpp(413,46): warning C4838: conversion from 'unsigned int' to 'int' requires a narrowing conversion
C:\Users\qwert\Downloads\GudgudakCheats\GudgudakV2\Source\Main_Script.cpp(413,58): warning C4838: conversion from 'unsigned int' to 'int' requires a narrowing conversion
C:\Users\qwert\Downloads\GudgudakCheats\GudgudakV2\Source\Main_Script.cpp(413,70): warning C4838: conversion from 'unsigned int' to 'int' requires a narrowing conversion
C:\Users\qwert\Downloads\GudgudakCheats\GudgudakV2\Source\Main_Script.cpp(413,94): warning C4838: conversion from 'unsigned int' to 'int' requires a narrowing conversion
C:\Users\qwert\Downloads\GudgudakCheats\GudgudakV2\Source\Main_Script.cpp(413,106): warning C4838: conversion from 'unsigned int' to 'int' requires a narrowing conversion
C:\Users\qwert\Downloads\GudgudakCheats\GudgudakV2\Source\Main_Script.cpp(413,130): warning C4838: conversion from 'unsigned int' to 'int' requires a narrowing conversion
C:\Users\qwert\Downloads\GudgudakCheats\GudgudakV2\Source\Main_Script.cpp(413,142): warning C4838: conversion from 'unsigned int' to 'int' requires a narrowing conversion
C:\Users\qwert\Downloads\GudgudakCheats\GudgudakV2\Source\Main_Script.cpp(413,165): warning C4838: conversion from 'unsigned int' to 'int' requires a narrowing conversion
C:\Users\qwert\Downloads\GudgudakCheats\GudgudakV2\Source\Main_Script.cpp(413,177): warning C4838: conversion from 'unsigned int' to 'int' requires a narrowing conversion
C:\Users\qwert\Downloads\GudgudakCheats\GudgudakV2\Source\Main_Script.cpp(413,189): warning C4838: conversion from 'unsigned int' to 'int' requires a narrowing conversion
C:\Users\qwert\Downloads\GudgudakCheats\GudgudakV2\Source\Main_Script.cpp(413,201): warning C4838: conversion from 'unsigned int' to 'int' requires a narrowing conversion
C:\Users\qwert\Downloads\GudgudakCheats\GudgudakV2\Source\Main_Script.cpp(413,237): warning C4838: conversion from 'unsigned int' to 'int' requires a narrowing conversion
C:\Users\qwert\Downloads\GudgudakCheats\GudgudakV2\Source\Main_Script.cpp(413,249): warning C4838: conversion from 'unsigned int' to 'int' requires a narrowing conversion
C:\Users\qwert\Downloads\GudgudakCheats\GudgudakV2\Source\Main_Script.cpp(413,273): warning C4838: conversion from 'unsigned int' to 'int' requires a narrowing conversion
C:\Users\qwert\Downloads\GudgudakCheats\GudgudakV2\Source\Main_Script.cpp(413,309): warning C4838: conversion from 'unsigned int' to 'int' requires a narrowing conversion
C:\Users\qwert\Downloads\GudgudakCheats\GudgudakV2\Source\Main_Script.cpp(413,321): warning C4838: conversion from 'unsigned int' to 'int' requires a narrowing conversion
C:\Users\qwert\Downloads\GudgudakCheats\GudgudakV2\Source\Main_Script.cpp(413,333): warning C4838: conversion from 'unsigned int' to 'int' requires a narrowing conversion
C:\Users\qwert\Downloads\GudgudakCheats\GudgudakV2\Source\Main_Script.cpp(413,357): warning C4838: conversion from 'unsigned int' to 'int' requires a narrowing conversion
C:\Users\qwert\Downloads\GudgudakCheats\GudgudakV2\Source\Main_Script.cpp(413,428): warning C4838: conversion from 'unsigned int' to 'int' requires a narrowing conversion
C:\Users\qwert\Downloads\GudgudakCheats\GudgudakV2\Source\Main_Script.cpp(413,440): warning C4838: conversion from 'unsigned int' to 'int' requires a narrowing conversion
C:\Users\qwert\Downloads\GudgudakCheats\GudgudakV2\Source\Main_Script.cpp(413,452): warning C4838: conversion from 'unsigned int' to 'int' requires a narrowing conversion
C:\Users\qwert\Downloads\GudgudakCheats\GudgudakV2\Source\Main_Script.cpp(413,464): warning C4838: conversion from 'unsigned int' to 'int' requires a narrowing conversion
C:\Users\qwert\Downloads\GudgudakCheats\GudgudakV2\Source\Main_Script.cpp(413,488): warning C4838: conversion from 'unsigned int' to 'int' requires a narrowing conversion
C:\Users\qwert\Downloads\GudgudakCheats\GudgudakV2\Source\Main_Script.cpp(413,500): warning C4838: conversion from 'unsigned int' to 'int' requires a narrowing conversion
C:\Users\qwert\Downloads\GudgudakCheats\GudgudakV2\Source\Main_Script.cpp(413,524): warning C4838: conversion from 'unsigned int' to 'int' requires a narrowing conversion
C:\Users\qwert\Downloads\GudgudakCheats\GudgudakV2\Source\Main_Script.cpp(413,535): warning C4838: conversion from 'unsigned int' to 'int' requires a narrowing conversion
C:\Users\qwert\Downloads\GudgudakCheats\GudgudakV2\Source\Main_Script.cpp(413,571): warning C4838: conversion from 'unsigned int' to 'int' requires a narrowing conversion
C:\Users\qwert\Downloads\GudgudakCheats\GudgudakV2\Source\Main_Script.cpp(413,583): warning C4838: conversion from 'unsigned int' to 'int' requires a narrowing conversion
C:\Users\qwert\Downloads\GudgudakCheats\GudgudakV2\Source\Main_Script.cpp(492,16): warning C4101: 'Coords': unreferenced local variable
C:\Users\qwert\Downloads\GudgudakCheats\GudgudakV2\Source\Main_Script.cpp(520,1): warning C4305: '=': truncation from 'double' to 'float'
C:\Users\qwert\Downloads\GudgudakCheats\GudgudakV2\Source\Main_Script.cpp(554,1): warning C4305: '=': truncation from 'double' to 'float'
C:\Users\qwert\Downloads\GudgudakCheats\GudgudakV2\Source\Main_Script.cpp(560,1): warning C4305: '=': truncation from 'double' to 'float'
C:\Users\qwert\Downloads\GudgudakCheats\GudgudakV2\Source\Main_Script.cpp(566,1): warning C4305: '=': truncation from 'double' to 'float'
C:\Users\qwert\Downloads\GudgudakCheats\GudgudakV2\Source\Main_Script.cpp(775,47): warning C4838: conversion from 'int' to 'DWORD64' requires a narrowing conversion
C:\Users\qwert\Downloads\GudgudakCheats\GudgudakV2\Source\Main_Script.cpp(806,68): warning C4244: 'argument': conversion from 'double' to 'float', possible loss of data
C:\Users\qwert\Downloads\GudgudakCheats\GudgudakV2\Source\Main_Script.cpp(811,68): warning C4244: 'argument': conversion from 'double' to 'float', possible loss of data
C:\Users\qwert\Downloads\GudgudakCheats\GudgudakV2\Source\Main_Script.cpp(817,67): warning C4244: 'argument': conversion from 'double' to 'float', possible loss of data
C:\Users\qwert\Downloads\GudgudakCheats\GudgudakV2\Source\Main_Script.cpp(820,27): warning C4838: conversion from 'Mod_Hub_Base::RemoteEvents' to 'DWORD64' requires a narrowing conversion
C:\Users\qwert\Downloads\GudgudakCheats\GudgudakV2\Source\Main_Script.cpp(820,51): warning C4838: conversion from 'int' to 'DWORD64' requires a narrowing conversion
C:\Users\qwert\Downloads\GudgudakCheats\GudgudakV2\Source\Main_Script.cpp(825,27): warning C4838: conversion from 'Mod_Hub_Base::RemoteEvents' to 'DWORD64' requires a narrowing conversion
C:\Users\qwert\Downloads\GudgudakCheats\GudgudakV2\Source\Main_Script.cpp(825,50): warning C4838: conversion from 'int' to 'DWORD64' requires a narrowing conversion
C:\Users\qwert\Downloads\GudgudakCheats\GudgudakV2\Source\Main_Script.cpp(1034,16): warning C4551: function call missing argument list
  YTDLOADER.cpp
  Generating Code...
C:\Users\qwert\Downloads\GudgudakCheats\GudgudakV2\Source\YTDLOADER.cpp(29): warning C4715: 'Mod_Hub_Base::YTDLoader::loadYtd': not all control paths return a value
